{"/Users/admin/botmock-rasa-export/lib/file.ts": {"path":"/Users/admin/botmock-rasa-export/lib/file.ts","statementMap":{"0":{"start":{"line":1,"column":0},"end":{"line":1,"column":44}},"1":{"start":{"line":2,"column":0},"end":{"line":2,"column":37}},"2":{"start":{"line":3,"column":0},"end":{"line":3,"column":43}},"3":{"start":{"line":4,"column":0},"end":{"line":4,"column":38}},"4":{"start":{"line":5,"column":0},"end":{"line":5,"column":28}},"5":{"start":{"line":33,"column":4},"end":{"line":33,"column":12}},"6":{"start":{"line":34,"column":4},"end":{"line":34,"column":44}},"7":{"start":{"line":35,"column":4},"end":{"line":35,"column":38}},"8":{"start":{"line":36,"column":4},"end":{"line":36,"column":42}},"9":{"start":{"line":37,"column":4},"end":{"line":39,"column":6}},"10":{"start":{"line":38,"column":6},"end":{"line":38,"column":86}},"11":{"start":{"line":38,"column":60},"end":{"line":38,"column":85}},"12":{"start":{"line":40,"column":4},"end":{"line":40,"column":82}},"13":{"start":{"line":41,"column":4},"end":{"line":41,"column":90}},"14":{"start":{"line":48,"column":4},"end":{"line":95,"column":null}},"15":{"start":{"line":50,"column":24},"end":{"line":50,"column":50}},"16":{"start":{"line":51,"column":34},"end":{"line":51,"column":102}},"17":{"start":{"line":53,"column":27},"end":{"line":53,"column":42}},"18":{"start":{"line":54,"column":8},"end":{"line":54,"column":62}},"19":{"start":{"line":55,"column":8},"end":{"line":57,"column":null}},"20":{"start":{"line":56,"column":10},"end":{"line":56,"column":48}},"21":{"start":{"line":59,"column":8},"end":{"line":91,"column":null}},"22":{"start":{"line":63,"column":12},"end":{"line":80,"column":null}},"23":{"start":{"line":65,"column":16},"end":{"line":65,"column":31}},"24":{"start":{"line":66,"column":16},"end":{"line":66,"column":46}},"25":{"start":{"line":67,"column":16},"end":{"line":67,"column":22}},"26":{"start":{"line":72,"column":16},"end":{"line":72,"column":33}},"27":{"start":{"line":73,"column":16},"end":{"line":78,"column":18}},"28":{"start":{"line":74,"column":43},"end":{"line":77,"column":20}},"29":{"start":{"line":79,"column":16},"end":{"line":79,"column":22}},"30":{"start":{"line":81,"column":12},"end":{"line":89,"column":null}},"31":{"start":{"line":102,"column":27},"end":{"line":102,"column":61}},"32":{"start":{"line":103,"column":22},"end":{"line":103,"column":44}},"33":{"start":{"line":104,"column":4},"end":{"line":113,"column":null}},"34":{"start":{"line":108,"column":56},"end":{"line":108,"column":67}},"35":{"start":{"line":109,"column":58},"end":{"line":109,"column":69}},"36":{"start":{"line":20,"column":0},"end":{"line":20,"column":21}}},"fnMap":{"0":{"name":"(anonymous_1)","decl":{"start":{"line":32,"column":2},"end":{"line":32,"column":14}},"loc":{"start":{"line":32,"column":28},"end":{"line":42,"column":3}}},"1":{"name":"(anonymous_2)","decl":{"start":{"line":37,"column":22},"end":{"line":37,"column":23}},"loc":{"start":{"line":38,"column":6},"end":{"line":38,"column":86}}},"2":{"name":"(anonymous_3)","decl":{"start":{"line":38,"column":49},"end":{"line":38,"column":56}},"loc":{"start":{"line":38,"column":60},"end":{"line":38,"column":85}}},"3":{"name":"(anonymous_4)","decl":{"start":{"line":47,"column":10},"end":{"line":47,"column":25}},"loc":{"start":{"line":47,"column":25},"end":{"line":96,"column":3}}},"4":{"name":"(anonymous_5)","decl":{"start":{"line":49,"column":6},"end":{"line":49,"column":7}},"loc":{"start":{"line":49,"column":27},"end":{"line":93,"column":7}}},"5":{"name":"(anonymous_6)","decl":{"start":{"line":61,"column":61},"end":{"line":61,"column":62}},"loc":{"start":{"line":61,"column":82},"end":{"line":91,"column":11}}},"6":{"name":"(anonymous_7)","decl":{"start":{"line":74,"column":18},"end":{"line":74,"column":19}},"loc":{"start":{"line":74,"column":43},"end":{"line":77,"column":20}}},"7":{"name":"(anonymous_8)","decl":{"start":{"line":101,"column":9},"end":{"line":101,"column":14}},"loc":{"start":{"line":101,"column":24},"end":{"line":114,"column":3}}},"8":{"name":"(anonymous_9)","decl":{"start":{"line":108,"column":46},"end":{"line":108,"column":52}},"loc":{"start":{"line":108,"column":56},"end":{"line":108,"column":67}}},"9":{"name":"(anonymous_10)","decl":{"start":{"line":109,"column":48},"end":{"line":109,"column":54}},"loc":{"start":{"line":109,"column":58},"end":{"line":109,"column":69}}},"10":{"name":"(anonymous_11)","decl":{"start":{"line":119,"column":9},"end":{"line":119,"column":14}},"loc":{"start":{"line":119,"column":23},"end":{"line":119,"column":43}}}},"branchMap":{"0":{"loc":{"start":{"line":55,"column":8},"end":{"line":57,"column":null}},"type":"if","locations":[{"start":{"line":55,"column":8},"end":{"line":57,"column":null}},{"start":{"line":55,"column":8},"end":{"line":57,"column":null}}]},"1":{"loc":{"start":{"line":64,"column":14},"end":{"line":67,"column":22}},"type":"switch","locations":[{"start":{"line":64,"column":14},"end":{"line":67,"column":22}},{"start":{"line":70,"column":14},"end":{"line":70,"column":28}},{"start":{"line":71,"column":14},"end":{"line":79,"column":22}}]},"2":{"loc":{"start":{"line":73,"column":27},"end":{"line":73,"column":52}},"type":"binary-expr","locations":[{"start":{"line":73,"column":27},"end":{"line":73,"column":52}},{"start":{"line":73,"column":56},"end":{"line":73,"column":58}}]},"3":{"loc":{"start":{"line":83,"column":15},"end":{"line":83,"column":19}},"type":"binary-expr","locations":[{"start":{"line":83,"column":15},"end":{"line":83,"column":19}},{"start":{"line":83,"column":23},"end":{"line":83,"column":37}}]},"4":{"loc":{"start":{"line":84,"column":16},"end":{"line":84,"column":23}},"type":"binary-expr","locations":[{"start":{"line":84,"column":16},"end":{"line":84,"column":23}},{"start":{"line":85,"column":16},"end":{"line":89,"column":18}}]},"5":{"loc":{"start":{"line":87,"column":20},"end":{"line":87,"column":67}},"type":"cond-expr","locations":[{"start":{"line":87,"column":20},"end":{"line":87,"column":67}},{"start":{"line":88,"column":20},"end":{"line":88,"column":null}}]}},"s":{"0":1,"1":1,"2":1,"3":1,"4":1,"5":1,"6":1,"7":1,"8":1,"9":1,"10":0,"11":0,"12":1,"13":1,"14":1,"15":0,"16":0,"17":0,"18":0,"19":0,"20":0,"21":0,"22":0,"23":0,"24":0,"25":0,"26":0,"27":0,"28":0,"29":0,"30":0,"31":1,"32":1,"33":1,"34":0,"35":0,"36":1},"f":{"0":1,"1":0,"2":0,"3":1,"4":0,"5":0,"6":0,"7":1,"8":0,"9":0,"10":0},"b":{"0":[0,0],"1":[0,0,0],"2":[0,0],"3":[0,0],"4":[0,0],"5":[0,0]}}
}
