{"/Users/admin/botmock-rasa-export/lib/file.ts": {"path":"/Users/admin/botmock-rasa-export/lib/file.ts","statementMap":{"0":{"start":{"line":1,"column":0},"end":{"line":1,"column":44}},"1":{"start":{"line":2,"column":0},"end":{"line":2,"column":49}},"2":{"start":{"line":3,"column":0},"end":{"line":3,"column":43}},"3":{"start":{"line":4,"column":0},"end":{"line":4,"column":38}},"4":{"start":{"line":5,"column":0},"end":{"line":5,"column":28}},"5":{"start":{"line":8,"column":0},"end":{"line":8,"column":35}},"6":{"start":{"line":39,"column":4},"end":{"line":39,"column":12}},"7":{"start":{"line":40,"column":4},"end":{"line":40,"column":44}},"8":{"start":{"line":41,"column":4},"end":{"line":41,"column":38}},"9":{"start":{"line":42,"column":4},"end":{"line":42,"column":42}},"10":{"start":{"line":43,"column":4},"end":{"line":45,"column":6}},"11":{"start":{"line":44,"column":6},"end":{"line":44,"column":86}},"12":{"start":{"line":44,"column":60},"end":{"line":44,"column":85}},"13":{"start":{"line":46,"column":4},"end":{"line":46,"column":82}},"14":{"start":{"line":47,"column":4},"end":{"line":47,"column":90}},"15":{"start":{"line":54,"column":4},"end":{"line":102,"column":null}},"16":{"start":{"line":56,"column":24},"end":{"line":56,"column":50}},"17":{"start":{"line":57,"column":34},"end":{"line":57,"column":102}},"18":{"start":{"line":59,"column":27},"end":{"line":59,"column":42}},"19":{"start":{"line":60,"column":8},"end":{"line":60,"column":62}},"20":{"start":{"line":61,"column":8},"end":{"line":63,"column":null}},"21":{"start":{"line":62,"column":10},"end":{"line":62,"column":48}},"22":{"start":{"line":65,"column":8},"end":{"line":98,"column":null}},"23":{"start":{"line":69,"column":12},"end":{"line":88,"column":null}},"24":{"start":{"line":71,"column":16},"end":{"line":71,"column":30}},"25":{"start":{"line":72,"column":16},"end":{"line":72,"column":69}},"26":{"start":{"line":73,"column":16},"end":{"line":73,"column":22}},"27":{"start":{"line":75,"column":16},"end":{"line":75,"column":31}},"28":{"start":{"line":76,"column":16},"end":{"line":76,"column":46}},"29":{"start":{"line":77,"column":16},"end":{"line":77,"column":22}},"30":{"start":{"line":82,"column":16},"end":{"line":82,"column":33}},"31":{"start":{"line":83,"column":16},"end":{"line":86,"column":20}},"32":{"start":{"line":83,"column":89},"end":{"line":86,"column":18}},"33":{"start":{"line":87,"column":16},"end":{"line":87,"column":22}},"34":{"start":{"line":89,"column":12},"end":{"line":96,"column":null}},"35":{"start":{"line":109,"column":27},"end":{"line":109,"column":61}},"36":{"start":{"line":110,"column":22},"end":{"line":110,"column":44}},"37":{"start":{"line":111,"column":4},"end":{"line":120,"column":6}},"38":{"start":{"line":115,"column":56},"end":{"line":115,"column":67}},"39":{"start":{"line":116,"column":58},"end":{"line":116,"column":69}},"40":{"start":{"line":137,"column":27},"end":{"line":137,"column":57}},"41":{"start":{"line":138,"column":34},"end":{"line":138,"column":50}},"42":{"start":{"line":139,"column":4},"end":{"line":142,"column":6}},"43":{"start":{"line":26,"column":0},"end":{"line":26,"column":21}}},"fnMap":{"0":{"name":"(anonymous_1)","decl":{"start":{"line":38,"column":2},"end":{"line":38,"column":14}},"loc":{"start":{"line":38,"column":28},"end":{"line":48,"column":3}}},"1":{"name":"(anonymous_2)","decl":{"start":{"line":43,"column":22},"end":{"line":43,"column":23}},"loc":{"start":{"line":44,"column":6},"end":{"line":44,"column":86}}},"2":{"name":"(anonymous_3)","decl":{"start":{"line":44,"column":49},"end":{"line":44,"column":56}},"loc":{"start":{"line":44,"column":60},"end":{"line":44,"column":85}}},"3":{"name":"(anonymous_4)","decl":{"start":{"line":53,"column":10},"end":{"line":53,"column":25}},"loc":{"start":{"line":53,"column":25},"end":{"line":103,"column":3}}},"4":{"name":"(anonymous_5)","decl":{"start":{"line":55,"column":6},"end":{"line":55,"column":7}},"loc":{"start":{"line":55,"column":27},"end":{"line":100,"column":7}}},"5":{"name":"(anonymous_6)","decl":{"start":{"line":67,"column":61},"end":{"line":67,"column":62}},"loc":{"start":{"line":67,"column":82},"end":{"line":98,"column":11}}},"6":{"name":"(anonymous_7)","decl":{"start":{"line":83,"column":64},"end":{"line":83,"column":65}},"loc":{"start":{"line":83,"column":89},"end":{"line":86,"column":18}}},"7":{"name":"(anonymous_8)","decl":{"start":{"line":108,"column":9},"end":{"line":108,"column":14}},"loc":{"start":{"line":108,"column":24},"end":{"line":121,"column":3}}},"8":{"name":"(anonymous_9)","decl":{"start":{"line":115,"column":46},"end":{"line":115,"column":52}},"loc":{"start":{"line":115,"column":56},"end":{"line":115,"column":67}}},"9":{"name":"(anonymous_10)","decl":{"start":{"line":116,"column":48},"end":{"line":116,"column":54}},"loc":{"start":{"line":116,"column":58},"end":{"line":116,"column":69}}},"10":{"name":"(anonymous_11)","decl":{"start":{"line":126,"column":10},"end":{"line":126,"column":15}},"loc":{"start":{"line":126,"column":31},"end":{"line":126,"column":51}}},"11":{"name":"(anonymous_12)","decl":{"start":{"line":131,"column":10},"end":{"line":131,"column":15}},"loc":{"start":{"line":131,"column":32},"end":{"line":131,"column":52}}},"12":{"name":"(anonymous_13)","decl":{"start":{"line":136,"column":9},"end":{"line":136,"column":14}},"loc":{"start":{"line":136,"column":23},"end":{"line":143,"column":3}}}},"branchMap":{"0":{"loc":{"start":{"line":61,"column":8},"end":{"line":63,"column":null}},"type":"if","locations":[{"start":{"line":61,"column":8},"end":{"line":63,"column":null}},{"start":{"line":61,"column":8},"end":{"line":63,"column":null}}]},"1":{"loc":{"start":{"line":70,"column":14},"end":{"line":73,"column":22}},"type":"switch","locations":[{"start":{"line":70,"column":14},"end":{"line":73,"column":22}},{"start":{"line":74,"column":14},"end":{"line":77,"column":22}},{"start":{"line":80,"column":14},"end":{"line":80,"column":28}},{"start":{"line":81,"column":14},"end":{"line":87,"column":22}}]},"2":{"loc":{"start":{"line":83,"column":27},"end":{"line":83,"column":52}},"type":"binary-expr","locations":[{"start":{"line":83,"column":27},"end":{"line":83,"column":52}},{"start":{"line":83,"column":56},"end":{"line":83,"column":58}}]},"3":{"loc":{"start":{"line":91,"column":15},"end":{"line":91,"column":19}},"type":"binary-expr","locations":[{"start":{"line":91,"column":15},"end":{"line":91,"column":19}},{"start":{"line":91,"column":23},"end":{"line":91,"column":37}}]},"4":{"loc":{"start":{"line":92,"column":16},"end":{"line":92,"column":23}},"type":"binary-expr","locations":[{"start":{"line":92,"column":16},"end":{"line":92,"column":23}},{"start":{"line":93,"column":16},"end":{"line":96,"column":18}}]},"5":{"loc":{"start":{"line":94,"column":20},"end":{"line":94,"column":67}},"type":"cond-expr","locations":[{"start":{"line":94,"column":20},"end":{"line":94,"column":67}},{"start":{"line":95,"column":20},"end":{"line":95,"column":null}}]}},"s":{"0":1,"1":1,"2":1,"3":1,"4":1,"5":1,"6":1,"7":1,"8":1,"9":1,"10":1,"11":0,"12":0,"13":1,"14":1,"15":1,"16":0,"17":0,"18":0,"19":0,"20":0,"21":0,"22":0,"23":0,"24":0,"25":0,"26":0,"27":0,"28":0,"29":0,"30":0,"31":0,"32":0,"33":0,"34":0,"35":1,"36":1,"37":1,"38":0,"39":0,"40":0,"41":0,"42":0,"43":1},"f":{"0":1,"1":0,"2":0,"3":1,"4":0,"5":0,"6":0,"7":1,"8":0,"9":0,"10":0,"11":0,"12":0},"b":{"0":[0,0],"1":[0,0,0,0],"2":[0,0],"3":[0,0],"4":[0,0],"5":[0,0]}}
,"/Users/admin/botmock-rasa-export/lib/nlu.ts": {"path":"/Users/admin/botmock-rasa-export/lib/nlu.ts","statementMap":{"0":{"start":{"line":3,"column":26},"end":{"line":44,"column":3}},"1":{"start":{"line":4,"column":4},"end":{"line":43,"column":null}},"2":{"start":{"line":5,"column":19},"end":{"line":5,"column":23}},"3":{"start":{"line":6,"column":6},"end":{"line":39,"column":9}},"4":{"start":{"line":9,"column":21},"end":{"line":9,"column":43}},"5":{"start":{"line":10,"column":30},"end":{"line":13,"column":24}},"6":{"start":{"line":15,"column":8},"end":{"line":15,"column":80}},"7":{"start":{"line":16,"column":8},"end":{"line":16,"column":62}},"8":{"start":{"line":18,"column":8},"end":{"line":38,"column":13}},"9":{"start":{"line":20,"column":38},"end":{"line":20,"column":61}},"10":{"start":{"line":23,"column":34},"end":{"line":25,"column":null}},"11":{"start":{"line":27,"column":12},"end":{"line":36,"column":null}},"12":{"start":{"line":29,"column":39},"end":{"line":34,"column":28}},"13":{"start":{"line":32,"column":18},"end":{"line":32,"column":63}},"14":{"start":{"line":35,"column":14},"end":{"line":35,"column":38}},"15":{"start":{"line":37,"column":12},"end":{"line":37,"column":33}},"16":{"start":{"line":40,"column":6},"end":{"line":40,"column":27}},"17":{"start":{"line":42,"column":6},"end":{"line":42,"column":25}},"18":{"start":{"line":47,"column":25},"end":{"line":56,"column":3}},"19":{"start":{"line":51,"column":4},"end":{"line":55,"column":2}},"20":{"start":{"line":54,"column":26},"end":{"line":54,"column":60}},"21":{"start":{"line":58,"column":20},"end":{"line":94,"column":3}},"22":{"start":{"line":64,"column":29},"end":{"line":66,"column":null}},"23":{"start":{"line":65,"column":31},"end":{"line":65,"column":54}},"24":{"start":{"line":69,"column":4},"end":{"line":93,"column":null}},"25":{"start":{"line":70,"column":24},"end":{"line":71,"column":null}},"26":{"start":{"line":71,"column":8},"end":{"line":71,"column":80}},"27":{"start":{"line":73,"column":6},"end":{"line":77,"column":2}},"28":{"start":{"line":80,"column":28},"end":{"line":90,"column":null}},"29":{"start":{"line":82,"column":10},"end":{"line":90,"column":null}},"30":{"start":{"line":92,"column":6},"end":{"line":92,"column":38}},"31":{"start":{"line":97,"column":2},"end":{"line":98,"column":57}},"32":{"start":{"line":97,"column":34},"end":{"line":97,"column":66}},"33":{"start":{"line":98,"column":25},"end":{"line":98,"column":42}},"34":{"start":{"line":1,"column":0},"end":{"line":1,"column":16}}},"fnMap":{"0":{"name":"genIntents","decl":{"start":{"line":1,"column":16},"end":{"line":1,"column":26}},"loc":{"start":{"line":1,"column":48},"end":{"line":99,"column":1}}},"1":{"name":"(anonymous_1)","decl":{"start":{"line":3,"column":26},"end":{"line":3,"column":27}},"loc":{"start":{"line":3,"column":62},"end":{"line":44,"column":3}}},"2":{"name":"(anonymous_2)","decl":{"start":{"line":6,"column":24},"end":{"line":6,"column":25}},"loc":{"start":{"line":6,"column":57},"end":{"line":39,"column":7}}},"3":{"name":"(anonymous_3)","decl":{"start":{"line":20,"column":16},"end":{"line":20,"column":17}},"loc":{"start":{"line":20,"column":38},"end":{"line":20,"column":61}}},"4":{"name":"(anonymous_4)","decl":{"start":{"line":21,"column":20},"end":{"line":21,"column":21}},"loc":{"start":{"line":21,"column":55},"end":{"line":38,"column":11}}},"5":{"name":"(anonymous_5)","decl":{"start":{"line":31,"column":32},"end":{"line":31,"column":39}},"loc":{"start":{"line":32,"column":18},"end":{"line":32,"column":63}}},"6":{"name":"(anonymous_6)","decl":{"start":{"line":47,"column":25},"end":{"line":47,"column":null}},"loc":{"start":{"line":50,"column":6},"end":{"line":56,"column":3}}},"7":{"name":"(anonymous_7)","decl":{"start":{"line":54,"column":15},"end":{"line":54,"column":22}},"loc":{"start":{"line":54,"column":26},"end":{"line":54,"column":60}}},"8":{"name":"(anonymous_8)","decl":{"start":{"line":58,"column":20},"end":{"line":58,"column":21}},"loc":{"start":{"line":63,"column":7},"end":{"line":94,"column":3}}},"9":{"name":"(anonymous_9)","decl":{"start":{"line":65,"column":6},"end":{"line":65,"column":7}},"loc":{"start":{"line":65,"column":31},"end":{"line":65,"column":54}}},"10":{"name":"(anonymous_10)","decl":{"start":{"line":70,"column":35},"end":{"line":70,"column":36}},"loc":{"start":{"line":71,"column":8},"end":{"line":71,"column":80}}},"11":{"name":"(anonymous_11)","decl":{"start":{"line":81,"column":8},"end":{"line":81,"column":9}},"loc":{"start":{"line":82,"column":10},"end":{"line":90,"column":null}}},"12":{"name":"(anonymous_12)","decl":{"start":{"line":97,"column":24},"end":{"line":97,"column":30}},"loc":{"start":{"line":97,"column":34},"end":{"line":97,"column":66}}},"13":{"name":"(anonymous_13)","decl":{"start":{"line":98,"column":15},"end":{"line":98,"column":21}},"loc":{"start":{"line":98,"column":25},"end":{"line":98,"column":42}}}},"branchMap":{"0":{"loc":{"start":{"line":4,"column":4},"end":{"line":43,"column":null}},"type":"if","locations":[{"start":{"line":4,"column":4},"end":{"line":43,"column":null}},{"start":{"line":4,"column":4},"end":{"line":43,"column":null}}]},"1":{"loc":{"start":{"line":18,"column":18},"end":{"line":20,"column":62}},"type":"binary-expr","locations":[{"start":{"line":18,"column":18},"end":{"line":20,"column":62}},{"start":{"line":20,"column":66},"end":{"line":20,"column":77}}]},"2":{"loc":{"start":{"line":27,"column":12},"end":{"line":36,"column":null}},"type":"if","locations":[{"start":{"line":27,"column":12},"end":{"line":36,"column":null}},{"start":{"line":27,"column":12},"end":{"line":36,"column":null}}]},"3":{"loc":{"start":{"line":69,"column":4},"end":{"line":93,"column":null}},"type":"if","locations":[{"start":{"line":69,"column":4},"end":{"line":93,"column":null}},{"start":{"line":69,"column":4},"end":{"line":93,"column":null}}]},"4":{"loc":{"start":{"line":71,"column":26},"end":{"line":71,"column":65}},"type":"cond-expr","locations":[{"start":{"line":71,"column":26},"end":{"line":71,"column":65}},{"start":{"line":71,"column":68},"end":{"line":71,"column":80}}]},"5":{"loc":{"start":{"line":87,"column":16},"end":{"line":87,"column":36}},"type":"cond-expr","locations":[{"start":{"line":87,"column":16},"end":{"line":87,"column":36}},{"start":{"line":88,"column":16},"end":{"line":88,"column":null}}]}},"s":{"0":0,"1":0,"2":0,"3":0,"4":0,"5":0,"6":0,"7":0,"8":0,"9":0,"10":0,"11":0,"12":0,"13":0,"14":0,"15":0,"16":0,"17":0,"18":0,"19":0,"20":0,"21":0,"22":0,"23":0,"24":0,"25":0,"26":0,"27":0,"28":0,"29":0,"30":0,"31":0,"32":0,"33":0,"34":1},"f":{"0":0,"1":0,"2":0,"3":0,"4":0,"5":0,"6":0,"7":0,"8":0,"9":0,"10":0,"11":0,"12":0,"13":0},"b":{"0":[0,0],"1":[0,0],"2":[0,0],"3":[0,0],"4":[0,0],"5":[0,0]}}
}
