TN:
SF:/Users/admin/botmock-rasa-export/lib/file.ts
FN:38,(anonymous_1)
FN:43,(anonymous_2)
FN:44,(anonymous_3)
FN:53,(anonymous_4)
FN:55,(anonymous_5)
FN:67,(anonymous_6)
FN:83,(anonymous_7)
FN:108,(anonymous_8)
FN:115,(anonymous_9)
FN:116,(anonymous_10)
FN:126,(anonymous_11)
FN:131,(anonymous_12)
FN:136,(anonymous_13)
FNF:13
FNH:3
FNDA:1,(anonymous_1)
FNDA:0,(anonymous_2)
FNDA:0,(anonymous_3)
FNDA:1,(anonymous_4)
FNDA:0,(anonymous_5)
FNDA:0,(anonymous_6)
FNDA:0,(anonymous_7)
FNDA:1,(anonymous_8)
FNDA:0,(anonymous_9)
FNDA:0,(anonymous_10)
FNDA:0,(anonymous_11)
FNDA:0,(anonymous_12)
FNDA:0,(anonymous_13)
DA:1,1
DA:2,1
DA:3,1
DA:4,1
DA:5,1
DA:8,1
DA:26,1
DA:39,1
DA:40,1
DA:41,1
DA:42,1
DA:43,1
DA:44,0
DA:46,1
DA:47,1
DA:54,1
DA:56,0
DA:57,0
DA:59,0
DA:60,0
DA:61,0
DA:62,0
DA:65,0
DA:69,0
DA:71,0
DA:72,0
DA:73,0
DA:75,0
DA:76,0
DA:77,0
DA:82,0
DA:83,0
DA:87,0
DA:89,0
DA:109,1
DA:110,1
DA:111,1
DA:115,0
DA:116,0
DA:137,0
DA:138,0
DA:139,0
LF:42
LH:18
BRDA:61,0,0,0
BRDA:61,0,1,0
BRDA:70,1,0,0
BRDA:70,1,1,0
BRDA:70,1,2,0
BRDA:70,1,3,0
BRDA:83,2,0,0
BRDA:83,2,1,0
BRDA:91,3,0,0
BRDA:91,3,1,0
BRDA:92,4,0,0
BRDA:92,4,1,0
BRDA:94,5,0,0
BRDA:94,5,1,0
BRF:14
BRH:0
end_of_record
TN:
SF:/Users/admin/botmock-rasa-export/lib/nlu.ts
FN:1,genIntents
FN:3,(anonymous_1)
FN:6,(anonymous_2)
FN:20,(anonymous_3)
FN:21,(anonymous_4)
FN:31,(anonymous_5)
FN:47,(anonymous_6)
FN:54,(anonymous_7)
FN:58,(anonymous_8)
FN:65,(anonymous_9)
FN:70,(anonymous_10)
FN:81,(anonymous_11)
FN:97,(anonymous_12)
FN:98,(anonymous_13)
FNF:14
FNH:0
FNDA:0,genIntents
FNDA:0,(anonymous_1)
FNDA:0,(anonymous_2)
FNDA:0,(anonymous_3)
FNDA:0,(anonymous_4)
FNDA:0,(anonymous_5)
FNDA:0,(anonymous_6)
FNDA:0,(anonymous_7)
FNDA:0,(anonymous_8)
FNDA:0,(anonymous_9)
FNDA:0,(anonymous_10)
FNDA:0,(anonymous_11)
FNDA:0,(anonymous_12)
FNDA:0,(anonymous_13)
DA:1,1
DA:3,0
DA:4,0
DA:5,0
DA:6,0
DA:9,0
DA:10,0
DA:15,0
DA:16,0
DA:18,0
DA:20,0
DA:23,0
DA:27,0
DA:29,0
DA:32,0
DA:35,0
DA:37,0
DA:40,0
DA:42,0
DA:47,0
DA:51,0
DA:54,0
DA:58,0
DA:64,0
DA:65,0
DA:69,0
DA:70,0
DA:71,0
DA:73,0
DA:80,0
DA:82,0
DA:92,0
DA:97,0
DA:98,0
LF:34
LH:1
BRDA:4,0,0,0
BRDA:4,0,1,0
BRDA:18,1,0,0
BRDA:18,1,1,0
BRDA:27,2,0,0
BRDA:27,2,1,0
BRDA:69,3,0,0
BRDA:69,3,1,0
BRDA:71,4,0,0
BRDA:71,4,1,0
BRDA:87,5,0,0
BRDA:87,5,1,0
BRF:12
BRH:0
end_of_record
